2018-05-03 11:10:02,854 [Worker-4] INFO  c.g.t.t.d.PublishedGradleVersions - Gradle version information cache is up-to-date. Trying to read.
2018-05-03 11:13:17,644 [Worker-0] INFO  o.e.m.c.i.p.ProjectConfigurationManager - Collecting project info '/pom.xml' /Users/onkar/Documents/workspace-eclipse/git-maven-backend-app/onkyarity-backend-app/pom.xml
2018-05-03 11:13:20,794 [Worker-0] INFO  o.e.m.c.i.l.LifecycleMappingFactory - Using org.maven.ide.eclipse.wtp.WarLifecycleMapping lifecycle mapping for MavenProject: onkyarity.backend.app:onkyarity-backend-app:0.0.1-SNAPSHOT @ /Users/onkar/Documents/workspace-eclipse/git-maven-backend-app/onkyarity-backend-app/pom.xml.
2018-05-03 11:13:22,249 [Worker-0] INFO  o.e.m.j.i.AbstractJavaProjectConfigurator - Adding source folder /onkyarity-backend-app/src/main/java
2018-05-03 11:13:22,250 [Worker-0] INFO  o.e.m.j.i.AbstractJavaProjectConfigurator - Adding resource folder /onkyarity-backend-app/src/main/resources
2018-05-03 11:13:22,251 [Worker-0] INFO  o.e.m.j.i.AbstractJavaProjectConfigurator - Adding source folder /onkyarity-backend-app/src/test/java
2018-05-03 11:13:27,622 [Worker-0] INFO  o.e.m.c.i.p.ProjectConfigurationManager - Imported and configured 1 project(s) in 9 sec
2018-05-03 11:13:29,009 [Worker-24] WARN  o.e.m.c.i.embedder.EclipseLogger - Using platform encoding (UTF-8 actually) to copy filtered resources, i.e. build is platform dependent!
2018-05-03 11:13:29,049 [Worker-24] INFO  o.e.m.c.i.embedder.EclipseLogger - Copying 0 resource
2018-05-03 11:13:29,052 [Worker-24] WARN  o.e.m.c.i.embedder.EclipseLogger - Using platform encoding (UTF-8 actually) to copy filtered resources, i.e. build is platform dependent!
2018-05-03 11:13:29,053 [Worker-24] INFO  o.e.m.c.i.embedder.EclipseLogger - skip non existing resourceDirectory /Users/onkar/Documents/workspace-eclipse/git-maven-backend-app/onkyarity-backend-app/src/test/resources
2018-05-03 11:13:42,644 [Worker-15] INFO  o.e.m.c.i.p.ProjectConfigurationManager - Update started
2018-05-03 11:13:43,711 [Worker-15] INFO  o.e.m.c.i.l.LifecycleMappingFactory - Using org.maven.ide.eclipse.wtp.WarLifecycleMapping lifecycle mapping for MavenProject: onkyarity.backend.app:onkyarity-backend-app:0.0.1-SNAPSHOT @ /Users/onkar/Documents/workspace-eclipse/git-maven-backend-app/onkyarity-backend-app/pom.xml.
2018-05-03 11:13:44,610 [Worker-15] INFO  o.e.m.j.i.AbstractJavaProjectConfigurator - Adding source folder /onkyarity-backend-app/src/main/java
2018-05-03 11:13:44,611 [Worker-15] INFO  o.e.m.j.i.AbstractJavaProjectConfigurator - Adding resource folder /onkyarity-backend-app/src/main/resources
2018-05-03 11:13:44,612 [Worker-15] INFO  o.e.m.j.i.AbstractJavaProjectConfigurator - Adding source folder /onkyarity-backend-app/src/test/java
2018-05-03 11:13:46,693 [Worker-15] INFO  o.e.m.w.i.f.ResourceFilteringBuildParticipant - Cleaning filtered folder for onkyarity-backend-app
2018-05-03 11:13:46,705 [Worker-15] INFO  o.e.m.c.i.p.ProjectConfigurationManager - Update completed: 4 sec
2018-05-03 11:13:46,903 [Worker-25] WARN  o.e.m.c.i.embedder.EclipseLogger - Using platform encoding (UTF-8 actually) to copy filtered resources, i.e. build is platform dependent!
2018-05-03 11:13:46,905 [Worker-25] INFO  o.e.m.c.i.embedder.EclipseLogger - Copying 0 resource
2018-05-03 11:13:46,908 [Worker-25] WARN  o.e.m.c.i.embedder.EclipseLogger - Using platform encoding (UTF-8 actually) to copy filtered resources, i.e. build is platform dependent!
2018-05-03 11:13:46,909 [Worker-25] INFO  o.e.m.c.i.embedder.EclipseLogger - skip non existing resourceDirectory /Users/onkar/Documents/workspace-eclipse/git-maven-backend-app/onkyarity-backend-app/src/test/resources
2018-05-03 11:13:46,910 [Worker-25] INFO  o.e.m.w.i.f.ResourceFilteringBuildParticipant - Changed resources require a complete clean of filtered resources of onkyarity-backend-app
2018-05-03 11:13:46,911 [Worker-25] INFO  o.e.m.w.i.f.ResourceFilteringBuildParticipant - Executing resource filtering for onkyarity-backend-app
2018-05-03 11:13:46,920 [Worker-25] WARN  o.e.m.c.i.embedder.EclipseLogger - Using platform encoding (UTF-8 actually) to copy filtered resources, i.e. build is platform dependent!
2018-05-03 11:17:15,553 [Worker-24] INFO  o.e.m.i.launch.MavenLaunchDelegate - /Users/onkar/Documents/workspace-eclipse/git-maven-backend-app/onkyarity-backend-app
2018-05-03 11:17:15,555 [Worker-24] INFO  o.e.m.i.launch.MavenLaunchDelegate -  mvn -B install
2018-05-03 11:18:02,480 [Worker-27] WARN  o.e.m.c.i.embedder.EclipseLogger - Using platform encoding (UTF-8 actually) to copy filtered resources, i.e. build is platform dependent!
2018-05-03 11:18:02,502 [Worker-27] INFO  o.e.m.c.i.embedder.EclipseLogger - Copying 0 resource
2018-05-03 11:18:02,504 [Worker-27] WARN  o.e.m.c.i.embedder.EclipseLogger - Using platform encoding (UTF-8 actually) to copy filtered resources, i.e. build is platform dependent!
2018-05-03 11:18:02,505 [Worker-27] INFO  o.e.m.c.i.embedder.EclipseLogger - skip non existing resourceDirectory /Users/onkar/Documents/workspace-eclipse/git-maven-backend-app/onkyarity-backend-app/src/test/resources
2018-05-03 11:18:15,549 [main] INFO  o.e.m2e.actions.ExecutePomAction - Creating new launch configuration
2018-05-03 11:18:23,825 [Worker-30] INFO  o.e.m.i.launch.MavenLaunchDelegate - /Users/onkar/Documents/workspace-eclipse/git-maven-backend-app/onkyarity-backend-app
2018-05-03 11:18:23,826 [Worker-30] INFO  o.e.m.i.launch.MavenLaunchDelegate -  mvn -B 
2018-05-03 11:18:45,836 [Worker-29] INFO  o.e.m.c.i.p.ProjectConfigurationManager - Update started
2018-05-03 11:18:46,205 [Worker-29] INFO  o.e.m.c.i.l.LifecycleMappingFactory - Using org.maven.ide.eclipse.wtp.WarLifecycleMapping lifecycle mapping for MavenProject: onkyarity.backend.app:onkyarity-backend-app:0.0.1-SNAPSHOT @ /Users/onkar/Documents/workspace-eclipse/git-maven-backend-app/onkyarity-backend-app/pom.xml.
2018-05-03 11:18:46,769 [Worker-29] INFO  o.e.m.j.i.AbstractJavaProjectConfigurator - Adding source folder /onkyarity-backend-app/src/main/java
2018-05-03 11:18:46,769 [Worker-29] INFO  o.e.m.j.i.AbstractJavaProjectConfigurator - Adding resource folder /onkyarity-backend-app/src/main/resources
2018-05-03 11:18:46,770 [Worker-29] INFO  o.e.m.j.i.AbstractJavaProjectConfigurator - Adding source folder /onkyarity-backend-app/src/test/java
2018-05-03 11:18:48,240 [Worker-29] INFO  o.e.m.w.i.f.ResourceFilteringBuildParticipant - Cleaning filtered folder for onkyarity-backend-app
2018-05-03 11:18:48,246 [Worker-29] INFO  o.e.m.c.i.p.ProjectConfigurationManager - Update completed: 2 sec
2018-05-03 11:18:48,458 [Worker-22] WARN  o.e.m.c.i.embedder.EclipseLogger - Using platform encoding (UTF-8 actually) to copy filtered resources, i.e. build is platform dependent!
2018-05-03 11:18:48,460 [Worker-22] INFO  o.e.m.c.i.embedder.EclipseLogger - Copying 0 resource
2018-05-03 11:18:48,463 [Worker-22] WARN  o.e.m.c.i.embedder.EclipseLogger - Using platform encoding (UTF-8 actually) to copy filtered resources, i.e. build is platform dependent!
2018-05-03 11:18:48,464 [Worker-22] INFO  o.e.m.c.i.embedder.EclipseLogger - skip non existing resourceDirectory /Users/onkar/Documents/workspace-eclipse/git-maven-backend-app/onkyarity-backend-app/src/test/resources
2018-05-03 11:18:48,464 [Worker-22] INFO  o.e.m.w.i.f.ResourceFilteringBuildParticipant - Changed resources require a complete clean of filtered resources of onkyarity-backend-app
2018-05-03 11:18:48,464 [Worker-22] INFO  o.e.m.w.i.f.ResourceFilteringBuildParticipant - Executing resource filtering for onkyarity-backend-app
2018-05-03 11:18:48,472 [Worker-22] WARN  o.e.m.c.i.embedder.EclipseLogger - Using platform encoding (UTF-8 actually) to copy filtered resources, i.e. build is platform dependent!
2018-05-03 11:21:26,610 [Worker-30] INFO  o.e.m.c.i.e.AbstractTransferListenerAdapter - Downloading https://repo.maven.apache.org/maven2/org/apache/maven/plugins/maven-deploy-plugin/2.8.2/maven-deploy-plugin-2.8.2.jar
2018-05-03 11:21:27,423 [Worker-30] INFO  o.e.m.c.i.e.AbstractTransferListenerAdapter - Downloaded https://repo.maven.apache.org/maven2/org/apache/maven/plugins/maven-deploy-plugin/2.8.2/maven-deploy-plugin-2.8.2.jar
2018-05-03 11:21:27,832 [Worker-30] INFO  o.e.m.c.i.e.AbstractTransferListenerAdapter - Downloading https://repo.maven.apache.org/maven2/org/apache/maven/plugins/maven-site-plugin/3.6/maven-site-plugin-3.6.jar
2018-05-03 11:21:29,574 [Worker-30] INFO  o.e.m.c.i.e.AbstractTransferListenerAdapter - Downloaded https://repo.maven.apache.org/maven2/org/apache/maven/plugins/maven-site-plugin/3.6/maven-site-plugin-3.6.jar
2018-05-03 11:21:30,470 [Worker-30] INFO  o.e.m.c.i.l.LifecycleMappingFactory - Using org.eclipse.m2e.jdt.JarLifecycleMapping lifecycle mapping for MavenProject: onkyarity.backend.app:onkyarity-backend-app:0.0.1-SNAPSHOT @ /Users/onkar/Documents/workspace-eclipse/git-maven-backend-app/onkyarity-backend-app/pom.xml.
2018-05-03 11:21:31,609 [Worker-30] INFO  o.e.m.c.i.embedder.EclipseLogger - Using 'UTF-8' encoding to copy filtered resources.
2018-05-03 11:21:31,615 [Worker-30] INFO  o.e.m.c.i.embedder.EclipseLogger - Copying 0 resource
2018-05-03 11:21:31,615 [Worker-30] INFO  o.e.m.c.i.embedder.EclipseLogger - Copying 0 resource
2018-05-03 11:21:31,619 [Worker-30] INFO  o.e.m.c.i.embedder.EclipseLogger - Using 'UTF-8' encoding to copy filtered resources.
2018-05-03 11:21:31,619 [Worker-30] INFO  o.e.m.c.i.embedder.EclipseLogger - skip non existing resourceDirectory /Users/onkar/Documents/workspace-eclipse/git-maven-backend-app/onkyarity-backend-app/src/test/resources
2018-05-03 11:21:32,893 [Worker-26] INFO  o.e.m.c.i.embedder.EclipseLogger - Using 'UTF-8' encoding to copy filtered resources.
2018-05-03 11:21:32,893 [Worker-26] INFO  o.e.m.c.i.embedder.EclipseLogger - Copying 0 resource
2018-05-03 11:21:32,893 [Worker-26] INFO  o.e.m.c.i.embedder.EclipseLogger - Copying 0 resource
2018-05-03 11:21:32,900 [Worker-26] INFO  o.e.m.c.i.embedder.EclipseLogger - Using 'UTF-8' encoding to copy filtered resources.
2018-05-03 11:21:32,900 [Worker-26] INFO  o.e.m.c.i.embedder.EclipseLogger - skip non existing resourceDirectory /Users/onkar/Documents/workspace-eclipse/git-maven-backend-app/onkyarity-backend-app/src/test/resources
2018-05-03 11:21:43,791 [Worker-26] INFO  o.e.m.c.i.l.LifecycleMappingFactory - Using org.eclipse.m2e.jdt.JarLifecycleMapping lifecycle mapping for MavenProject: onkyarity.backend.app:onkyarity-backend-app:0.0.1-SNAPSHOT @ /Users/onkar/Documents/workspace-eclipse/git-maven-backend-app/onkyarity-backend-app/pom.xml.
2018-05-03 11:21:44,089 [Worker-26] INFO  o.e.m.c.i.embedder.EclipseLogger - Using 'UTF-8' encoding to copy filtered resources.
2018-05-03 11:21:44,094 [Worker-26] INFO  o.e.m.c.i.embedder.EclipseLogger - Copying 0 resource
2018-05-03 11:21:44,095 [Worker-26] INFO  o.e.m.c.i.embedder.EclipseLogger - Copying 0 resource
2018-05-03 11:21:44,098 [Worker-26] INFO  o.e.m.c.i.embedder.EclipseLogger - Using 'UTF-8' encoding to copy filtered resources.
2018-05-03 11:21:44,098 [Worker-26] INFO  o.e.m.c.i.embedder.EclipseLogger - skip non existing resourceDirectory /Users/onkar/Documents/workspace-eclipse/git-maven-backend-app/onkyarity-backend-app/src/test/resources
2018-05-03 11:21:58,538 [Worker-24] INFO  o.e.m.c.i.l.LifecycleMappingFactory - Using org.eclipse.m2e.jdt.JarLifecycleMapping lifecycle mapping for MavenProject: onkyarity.backend.app:onkyarity-backend-app:0.0.1-SNAPSHOT @ /Users/onkar/Documents/workspace-eclipse/git-maven-backend-app/onkyarity-backend-app/pom.xml.
2018-05-03 11:21:58,952 [Worker-24] INFO  o.e.m.c.i.embedder.EclipseLogger - Using 'UTF-8' encoding to copy filtered resources.
2018-05-03 11:21:58,956 [Worker-24] INFO  o.e.m.c.i.embedder.EclipseLogger - Copying 0 resource
2018-05-03 11:21:58,956 [Worker-24] INFO  o.e.m.c.i.embedder.EclipseLogger - Copying 0 resource
2018-05-03 11:21:58,960 [Worker-24] INFO  o.e.m.c.i.embedder.EclipseLogger - Using 'UTF-8' encoding to copy filtered resources.
2018-05-03 11:21:58,960 [Worker-24] INFO  o.e.m.c.i.embedder.EclipseLogger - skip non existing resourceDirectory /Users/onkar/Documents/workspace-eclipse/git-maven-backend-app/onkyarity-backend-app/src/test/resources
2018-05-03 11:22:13,142 [Worker-24] INFO  o.e.m.i.launch.MavenLaunchDelegate - /Users/onkar/Documents/workspace-eclipse/git-maven-backend-app/onkyarity-backend-app
2018-05-03 11:22:13,142 [Worker-24] INFO  o.e.m.i.launch.MavenLaunchDelegate -  mvn -B install
2018-05-03 11:22:18,185 [Worker-30] INFO  o.e.m.c.i.embedder.EclipseLogger - Using 'UTF-8' encoding to copy filtered resources.
2018-05-03 11:22:18,190 [Worker-30] INFO  o.e.m.c.i.embedder.EclipseLogger - Copying 0 resource
2018-05-03 11:22:18,191 [Worker-30] INFO  o.e.m.c.i.embedder.EclipseLogger - Copying 0 resource
2018-05-03 11:22:18,194 [Worker-30] INFO  o.e.m.c.i.embedder.EclipseLogger - Using 'UTF-8' encoding to copy filtered resources.
2018-05-03 11:22:18,195 [Worker-30] INFO  o.e.m.c.i.embedder.EclipseLogger - skip non existing resourceDirectory /Users/onkar/Documents/workspace-eclipse/git-maven-backend-app/onkyarity-backend-app/src/test/resources
2018-05-03 11:22:33,165 [main] INFO  o.e.m2e.actions.ExecutePomAction - Using existing launch configuration
2018-05-03 11:22:35,964 [Worker-29] INFO  o.e.m.i.launch.MavenLaunchDelegate - /Users/onkar/Documents/workspace-eclipse/git-maven-backend-app/onkyarity-backend-app
2018-05-03 11:22:35,964 [Worker-29] INFO  o.e.m.i.launch.MavenLaunchDelegate -  mvn -B 
2018-05-03 11:22:45,348 [main] INFO  o.e.m2e.actions.ExecutePomAction - Using existing launch configuration
2018-05-03 11:22:54,245 [Worker-22] INFO  o.e.m.i.launch.MavenLaunchDelegate - /Users/onkar/Documents/workspace-eclipse/git-maven-backend-app/onkyarity-backend-app
2018-05-03 11:22:54,246 [Worker-22] INFO  o.e.m.i.launch.MavenLaunchDelegate -  mvn -B 
2018-05-03 11:23:37,051 [Worker-29] INFO  o.e.m.c.i.p.ProjectConfigurationManager - Update started
2018-05-03 11:23:37,542 [Worker-29] INFO  o.e.m.c.i.l.LifecycleMappingFactory - Using org.eclipse.m2e.jdt.JarLifecycleMapping lifecycle mapping for MavenProject: onkyarity.backend.app:onkyarity-backend-app:0.0.1-SNAPSHOT @ /Users/onkar/Documents/workspace-eclipse/git-maven-backend-app/onkyarity-backend-app/pom.xml.
2018-05-03 11:23:37,894 [Worker-29] INFO  o.e.m.j.i.AbstractJavaProjectConfigurator - Adding source folder /onkyarity-backend-app/src/main/java
2018-05-03 11:23:37,894 [Worker-29] INFO  o.e.m.j.i.AbstractJavaProjectConfigurator - Adding resource folder /onkyarity-backend-app/src/main/resources
2018-05-03 11:23:37,896 [Worker-29] INFO  o.e.m.j.i.AbstractJavaProjectConfigurator - Adding resource folder /onkyarity-backend-app/src/main/resources
2018-05-03 11:23:37,897 [Worker-29] INFO  o.e.m.j.i.AbstractJavaProjectConfigurator - Adding source folder /onkyarity-backend-app/src/test/java
2018-05-03 11:23:38,271 [Worker-29] INFO  o.e.m.c.i.p.ProjectConfigurationManager - Update completed: 1 sec
2018-05-03 11:23:38,801 [Worker-26] INFO  o.e.m.c.i.embedder.EclipseLogger - Using 'UTF-8' encoding to copy filtered resources.
2018-05-03 11:23:38,802 [Worker-26] INFO  o.e.m.c.i.embedder.EclipseLogger - Copying 0 resource
2018-05-03 11:23:38,803 [Worker-26] INFO  o.e.m.c.i.embedder.EclipseLogger - Copying 0 resource
2018-05-03 11:23:38,807 [Worker-26] INFO  o.e.m.c.i.embedder.EclipseLogger - Using 'UTF-8' encoding to copy filtered resources.
2018-05-03 11:23:38,807 [Worker-26] INFO  o.e.m.c.i.embedder.EclipseLogger - skip non existing resourceDirectory /Users/onkar/Documents/workspace-eclipse/git-maven-backend-app/onkyarity-backend-app/src/test/resources
2018-05-03 11:24:00,457 [Worker-28] INFO  o.e.m.c.i.embedder.EclipseLogger - Using 'UTF-8' encoding to copy filtered resources.
2018-05-03 11:24:00,458 [Worker-28] INFO  o.e.m.c.i.embedder.EclipseLogger - Copying 0 resource
2018-05-03 11:24:00,459 [Worker-28] INFO  o.e.m.c.i.embedder.EclipseLogger - Copying 0 resource
2018-05-03 11:24:00,462 [Worker-28] INFO  o.e.m.c.i.embedder.EclipseLogger - Using 'UTF-8' encoding to copy filtered resources.
2018-05-03 11:24:00,462 [Worker-28] INFO  o.e.m.c.i.embedder.EclipseLogger - skip non existing resourceDirectory /Users/onkar/Documents/workspace-eclipse/git-maven-backend-app/onkyarity-backend-app/src/test/resources
2018-05-03 11:25:05,840 [Worker-24] INFO  o.e.m.c.i.p.ProjectConfigurationManager - Update started
2018-05-03 11:25:06,332 [Worker-24] INFO  o.e.m.c.i.l.LifecycleMappingFactory - Using org.eclipse.m2e.jdt.JarLifecycleMapping lifecycle mapping for MavenProject: onkyarity.backend.app:onkyarity-backend-app:0.0.1-SNAPSHOT @ /Users/onkar/Documents/workspace-eclipse/git-maven-backend-app/onkyarity-backend-app/pom.xml.
2018-05-03 11:25:08,353 [Worker-24] INFO  o.e.m.j.i.AbstractJavaProjectConfigurator - Adding source folder /onkyarity-backend-app/src/main/java
2018-05-03 11:25:08,354 [Worker-24] INFO  o.e.m.j.i.AbstractJavaProjectConfigurator - Adding resource folder /onkyarity-backend-app/src/main/resources
2018-05-03 11:25:08,355 [Worker-24] INFO  o.e.m.j.i.AbstractJavaProjectConfigurator - Adding resource folder /onkyarity-backend-app/src/main/resources
2018-05-03 11:25:08,355 [Worker-24] INFO  o.e.m.j.i.AbstractJavaProjectConfigurator - Adding source folder /onkyarity-backend-app/src/test/java
2018-05-03 11:25:08,957 [Worker-24] INFO  o.e.m.c.i.p.ProjectConfigurationManager - Update completed: 3 sec
2018-05-03 11:25:20,067 [Worker-24] INFO  o.e.m.i.launch.MavenLaunchDelegate - /Users/onkar/Documents/workspace-eclipse/git-maven-backend-app/onkyarity-backend-app
2018-05-03 11:25:20,067 [Worker-24] INFO  o.e.m.i.launch.MavenLaunchDelegate -  mvn -B install
2018-05-03 11:28:30,422 [Worker-26] INFO  o.e.m.c.i.p.ProjectConfigurationManager - Update started
2018-05-03 11:28:31,005 [Worker-26] INFO  o.e.m.c.i.l.LifecycleMappingFactory - Using org.eclipse.m2e.jdt.JarLifecycleMapping lifecycle mapping for MavenProject: onkyarity.backend.app:onkyarity-backend-app:0.0.1-SNAPSHOT @ /Users/onkar/Documents/workspace-eclipse/git-maven-backend-app/onkyarity-backend-app/pom.xml.
2018-05-03 11:28:32,054 [Worker-26] INFO  o.e.m.j.i.AbstractJavaProjectConfigurator - Adding source folder /onkyarity-backend-app/src/main/java
2018-05-03 11:28:32,054 [Worker-26] INFO  o.e.m.j.i.AbstractJavaProjectConfigurator - Adding resource folder /onkyarity-backend-app/src/main/resources
2018-05-03 11:28:32,055 [Worker-26] INFO  o.e.m.j.i.AbstractJavaProjectConfigurator - Adding resource folder /onkyarity-backend-app/src/main/resources
2018-05-03 11:28:32,058 [Worker-26] INFO  o.e.m.j.i.AbstractJavaProjectConfigurator - Adding source folder /onkyarity-backend-app/src/test/java
2018-05-03 11:28:32,397 [Worker-26] INFO  o.e.m.c.i.p.ProjectConfigurationManager - Update completed: 1 sec
2018-05-03 11:30:49,915 [Worker-33] INFO  o.e.m.c.i.embedder.EclipseLogger - Using 'UTF-8' encoding to copy filtered resources.
2018-05-03 11:30:49,916 [Worker-33] INFO  o.e.m.c.i.embedder.EclipseLogger - Copying 0 resource
2018-05-03 11:30:49,917 [Worker-33] INFO  o.e.m.c.i.embedder.EclipseLogger - Copying 0 resource
2018-05-03 11:30:49,922 [Worker-33] INFO  o.e.m.c.i.embedder.EclipseLogger - Using 'UTF-8' encoding to copy filtered resources.
2018-05-03 11:30:49,922 [Worker-33] INFO  o.e.m.c.i.embedder.EclipseLogger - skip non existing resourceDirectory /Users/onkar/Documents/workspace-eclipse/git-maven-backend-app/onkyarity-backend-app/src/test/resources
